INFO - 04/09/24 17:42:23 - 0:00:00 - ============ Initialized logger ============
INFO - 04/09/24 17:42:23 - 0:00:00 - batch_size: 16
                                     bilstm: False
                                     ckpt: 
                                     coach: False
                                     conll: True
                                     dropout: 0
                                     dump_path: experiments\literature_pretrain_then_finetune\1
                                     early_stop: 8
                                     emb_dim: 300
                                     emb_file: ../glove/glove.6B.300d.txt
                                     entity_enc_hidden_dim: 300
                                     entity_enc_layers: 1
                                     epoch: 300
                                     exp_id: 1
                                     exp_name: literature_pretrain_then_finetune
                                     hidden_dim: 768
                                     joint: False
                                     logger_filename: train.log
                                     lr: 5e-05
                                     lstm_hidden_dim: 256
                                     model_name: bert-base-cased
                                     n_layer: 2
                                     n_samples: -1
                                     num_tag: 35
                                     seed: 555
                                     tgt_dm: literature
                                     usechar: False
INFO - 04/09/24 17:42:23 - 0:00:00 - The experiment will be stored in experiments\literature_pretrain_then_finetune\1
                                     
INFO - 04/09/24 17:42:23 - 0:00:00 - Load training set data
INFO - 04/09/24 17:42:23 - 0:00:00 - Load development set data
INFO - 04/09/24 17:42:24 - 0:00:01 - Load test set data
INFO - 04/09/24 17:42:25 - 0:00:02 - label distribution for training set
INFO - 04/09/24 17:42:25 - 0:00:02 - {'person': 0.08872458410351201, 'country': 0.04621072088724584, 'writer': 0.24584103512014788, 'misc': 0.10720887245841035, 'book': 0.16820702402957485, 'award': 0.06284658040665435, 'literarygenre': 0.066543438077634, 'poem': 0.08687615526802218, 'location': 0.04621072088724584, 'magazine': 0.029574861367837338, 'event': 0.018484288354898338, 'organisation': 0.033271719038817}
INFO - 04/09/24 17:42:25 - 0:00:02 - label distribution for dev set
INFO - 04/09/24 17:42:25 - 0:00:02 - {'literarygenre': 0.07136150234741784, 'book': 0.15774647887323945, 'award': 0.05821596244131456, 'location': 0.05211267605633803, 'poem': 0.03708920187793427, 'misc': 0.09953051643192488, 'writer': 0.25539906103286386, 'organisation': 0.0539906103286385, 'person': 0.09107981220657277, 'event': 0.03051643192488263, 'country': 0.05962441314553991, 'magazine': 0.03333333333333333}
INFO - 04/09/24 17:42:25 - 0:00:02 - label distribution for test set
INFO - 04/09/24 17:42:25 - 0:00:02 - {'writer': 0.2502206531332745, 'book': 0.18446601941747573, 'literarygenre': 0.08561341571050309, 'misc': 0.10547219770520741, 'person': 0.07722859664607237, 'organisation': 0.04854368932038835, 'poem': 0.0529567519858782, 'location': 0.043689320388349516, 'award': 0.06222418358340689, 'event': 0.019858781994704325, 'country': 0.04457193292144748, 'magazine': 0.025154457193292144}
INFO - 04/09/24 17:42:25 - 0:00:02 - train size: 100; dev size 400; test size: 416;
DEBUG - 04/09/24 17:42:25 - 0:00:02 - https://huggingface.co:443 "HEAD /bert-base-cased/resolve/main/config.json HTTP/1.1" 200 0
DEBUG - 04/09/24 17:42:26 - 0:00:03 - https://huggingface.co:443 "HEAD /bert-base-cased/resolve/main/generation_config.json HTTP/1.1" 404 0
INFO - 04/09/24 17:42:36 - 0:00:13 - conll2003 dataset: train size: 14040; dev size 3249; test size: 3452
INFO - 04/09/24 17:42:36 - 0:00:13 - Pretraining on conll2003 NER dataset ...
INFO - 04/09/24 17:42:36 - 0:00:13 - ============== epoch 0 ==============
INFO - 04/09/24 17:44:19 - 0:01:56 - Finish training epoch 0. loss: 0.1178
INFO - 04/09/24 17:44:19 - 0:01:56 - ============== Evaluate epoch 0 on Dev Set ==============
INFO - 04/09/24 17:44:25 - 0:02:02 - Evaluate on Dev Set. F1: 92.9032.
INFO - 04/09/24 17:44:25 - 0:02:02 - Found better model!!
INFO - 04/09/24 17:44:25 - 0:02:02 - ============== epoch 1 ==============
INFO - 04/09/24 17:46:09 - 0:03:46 - Finish training epoch 1. loss: 0.0301
INFO - 04/09/24 17:46:09 - 0:03:46 - ============== Evaluate epoch 1 on Dev Set ==============
INFO - 04/09/24 17:46:16 - 0:03:53 - Evaluate on Dev Set. F1: 93.5150.
INFO - 04/09/24 17:46:16 - 0:03:53 - Found better model!!
INFO - 04/09/24 17:46:16 - 0:03:53 - ============== Evaluate on Test Set ==============
INFO - 04/09/24 17:46:22 - 0:03:59 - Evaluate on Test Set. F1: 89.6924.

INFO - 04/09/24 17:46:22 - 0:03:59 - Training on target domain ...
INFO - 04/09/24 17:46:22 - 0:03:59 - ============== epoch 0 ==============
INFO - 04/09/24 17:46:23 - 0:04:00 - Finish training epoch 0. loss: 1.8703
INFO - 04/09/24 17:46:23 - 0:04:00 - ============== Evaluate epoch 0 on Train Set ==============
INFO - 04/09/24 17:46:23 - 0:04:00 - Evaluate on Train Set. F1: 31.4312.
INFO - 04/09/24 17:46:23 - 0:04:00 - ============== Evaluate epoch 0 on Dev Set ==============
INFO - 04/09/24 17:46:25 - 0:04:02 - Evaluate on Dev Set. F1: 31.5392.
INFO - 04/09/24 17:46:25 - 0:04:02 - ============== Evaluate epoch 0 on Test Set ==============
INFO - 04/09/24 17:46:26 - 0:04:03 - Evaluate on Test Set. F1: 35.7574.
INFO - 04/09/24 17:46:26 - 0:04:03 - Found better model!!
INFO - 04/09/24 17:46:26 - 0:04:03 - ============== epoch 1 ==============
INFO - 04/09/24 17:46:27 - 0:04:04 - Finish training epoch 1. loss: 0.8185
INFO - 04/09/24 17:46:27 - 0:04:04 - ============== Evaluate epoch 1 on Train Set ==============
INFO - 04/09/24 17:46:27 - 0:04:04 - Evaluate on Train Set. F1: 52.3466.
INFO - 04/09/24 17:46:27 - 0:04:04 - ============== Evaluate epoch 1 on Dev Set ==============
INFO - 04/09/24 17:46:29 - 0:04:06 - Evaluate on Dev Set. F1: 49.8850.
INFO - 04/09/24 17:46:29 - 0:04:06 - ============== Evaluate epoch 1 on Test Set ==============
INFO - 04/09/24 17:46:30 - 0:04:07 - Evaluate on Test Set. F1: 51.6087.
INFO - 04/09/24 17:46:30 - 0:04:07 - Found better model!!
INFO - 04/09/24 17:46:30 - 0:04:07 - ============== epoch 2 ==============
INFO - 04/09/24 17:46:31 - 0:04:08 - Finish training epoch 2. loss: 0.4952
INFO - 04/09/24 17:46:31 - 0:04:08 - ============== Evaluate epoch 2 on Train Set ==============
INFO - 04/09/24 17:46:32 - 0:04:09 - Evaluate on Train Set. F1: 61.8557.
INFO - 04/09/24 17:46:32 - 0:04:09 - ============== Evaluate epoch 2 on Dev Set ==============
INFO - 04/09/24 17:46:33 - 0:04:10 - Evaluate on Dev Set. F1: 53.8046.
INFO - 04/09/24 17:46:33 - 0:04:10 - ============== Evaluate epoch 2 on Test Set ==============
INFO - 04/09/24 17:46:35 - 0:04:12 - Evaluate on Test Set. F1: 55.3318.
INFO - 04/09/24 17:46:35 - 0:04:12 - Found better model!!
INFO - 04/09/24 17:46:35 - 0:04:12 - ============== epoch 3 ==============
INFO - 04/09/24 17:46:36 - 0:04:13 - Finish training epoch 3. loss: 0.3564
INFO - 04/09/24 17:46:36 - 0:04:13 - ============== Evaluate epoch 3 on Train Set ==============
INFO - 04/09/24 17:46:36 - 0:04:13 - Evaluate on Train Set. F1: 70.4028.
INFO - 04/09/24 17:46:36 - 0:04:13 - ============== Evaluate epoch 3 on Dev Set ==============
INFO - 04/09/24 17:46:37 - 0:04:14 - Evaluate on Dev Set. F1: 58.2210.
INFO - 04/09/24 17:46:37 - 0:04:14 - ============== Evaluate epoch 3 on Test Set ==============
INFO - 04/09/24 17:46:39 - 0:04:16 - Evaluate on Test Set. F1: 60.5191.
INFO - 04/09/24 17:46:39 - 0:04:16 - Found better model!!
INFO - 04/09/24 17:46:39 - 0:04:16 - ============== epoch 4 ==============
INFO - 04/09/24 17:46:40 - 0:04:17 - Finish training epoch 4. loss: 0.2180
INFO - 04/09/24 17:46:40 - 0:04:17 - ============== Evaluate epoch 4 on Train Set ==============
INFO - 04/09/24 17:46:40 - 0:04:17 - Evaluate on Train Set. F1: 82.9052.
INFO - 04/09/24 17:46:40 - 0:04:17 - ============== Evaluate epoch 4 on Dev Set ==============
INFO - 04/09/24 17:46:41 - 0:04:18 - Evaluate on Dev Set. F1: 58.4176.
INFO - 04/09/24 17:46:41 - 0:04:18 - ============== Evaluate epoch 4 on Test Set ==============
INFO - 04/09/24 17:46:43 - 0:04:20 - Evaluate on Test Set. F1: 60.0664.
INFO - 04/09/24 17:46:43 - 0:04:20 - Found better model!!
INFO - 04/09/24 17:46:43 - 0:04:20 - ============== epoch 5 ==============
INFO - 04/09/24 17:46:44 - 0:04:21 - Finish training epoch 5. loss: 0.1341
INFO - 04/09/24 17:46:44 - 0:04:21 - ============== Evaluate epoch 5 on Train Set ==============
INFO - 04/09/24 17:46:44 - 0:04:21 - Evaluate on Train Set. F1: 91.8033.
INFO - 04/09/24 17:46:44 - 0:04:21 - ============== Evaluate epoch 5 on Dev Set ==============
INFO - 04/09/24 17:46:46 - 0:04:23 - Evaluate on Dev Set. F1: 61.4734.
INFO - 04/09/24 17:46:46 - 0:04:23 - ============== Evaluate epoch 5 on Test Set ==============
INFO - 04/09/24 17:46:47 - 0:04:24 - Evaluate on Test Set. F1: 63.1756.
INFO - 04/09/24 17:46:47 - 0:04:24 - Found better model!!
INFO - 04/09/24 17:46:47 - 0:04:24 - ============== epoch 6 ==============
INFO - 04/09/24 17:46:48 - 0:04:25 - Finish training epoch 6. loss: 0.0798
INFO - 04/09/24 17:46:48 - 0:04:25 - ============== Evaluate epoch 6 on Train Set ==============
INFO - 04/09/24 17:46:48 - 0:04:25 - Evaluate on Train Set. F1: 95.0549.
INFO - 04/09/24 17:46:48 - 0:04:25 - ============== Evaluate epoch 6 on Dev Set ==============
INFO - 04/09/24 17:46:50 - 0:04:27 - Evaluate on Dev Set. F1: 60.4425.
INFO - 04/09/24 17:46:50 - 0:04:27 - ============== Evaluate epoch 6 on Test Set ==============
INFO - 04/09/24 17:46:51 - 0:04:28 - Evaluate on Test Set. F1: 62.3170.
INFO - 04/09/24 17:46:51 - 0:04:28 - No better model found (1/8)
INFO - 04/09/24 17:46:51 - 0:04:28 - ============== epoch 7 ==============
INFO - 04/09/24 17:46:52 - 0:04:29 - Finish training epoch 7. loss: 0.0499
INFO - 04/09/24 17:46:52 - 0:04:29 - ============== Evaluate epoch 7 on Train Set ==============
INFO - 04/09/24 17:46:53 - 0:04:30 - Evaluate on Train Set. F1: 98.3425.
INFO - 04/09/24 17:46:53 - 0:04:30 - ============== Evaluate epoch 7 on Dev Set ==============
INFO - 04/09/24 17:46:54 - 0:04:31 - Evaluate on Dev Set. F1: 61.0731.
INFO - 04/09/24 17:46:54 - 0:04:31 - ============== Evaluate epoch 7 on Test Set ==============
INFO - 04/09/24 17:46:56 - 0:04:33 - Evaluate on Test Set. F1: 63.5833.
INFO - 04/09/24 17:46:56 - 0:04:33 - No better model found (2/8)
INFO - 04/09/24 17:46:56 - 0:04:33 - ============== epoch 8 ==============
INFO - 04/09/24 17:46:57 - 0:04:34 - Finish training epoch 8. loss: 0.0298
INFO - 04/09/24 17:46:57 - 0:04:34 - ============== Evaluate epoch 8 on Train Set ==============
INFO - 04/09/24 17:46:57 - 0:04:34 - Evaluate on Train Set. F1: 99.5383.
INFO - 04/09/24 17:46:57 - 0:04:34 - ============== Evaluate epoch 8 on Dev Set ==============
INFO - 04/09/24 17:46:58 - 0:04:35 - Evaluate on Dev Set. F1: 62.5419.
INFO - 04/09/24 17:46:58 - 0:04:35 - ============== Evaluate epoch 8 on Test Set ==============
INFO - 04/09/24 17:47:00 - 0:04:37 - Evaluate on Test Set. F1: 64.4632.
INFO - 04/09/24 17:47:00 - 0:04:37 - Found better model!!
INFO - 04/09/24 17:47:00 - 0:04:37 - ============== epoch 9 ==============
INFO - 04/09/24 17:47:01 - 0:04:38 - Finish training epoch 9. loss: 0.0176
INFO - 04/09/24 17:47:01 - 0:04:38 - ============== Evaluate epoch 9 on Train Set ==============
INFO - 04/09/24 17:47:01 - 0:04:38 - Evaluate on Train Set. F1: 99.4465.
INFO - 04/09/24 17:47:01 - 0:04:38 - ============== Evaluate epoch 9 on Dev Set ==============
INFO - 04/09/24 17:47:03 - 0:04:40 - Evaluate on Dev Set. F1: 62.5194.
INFO - 04/09/24 17:47:03 - 0:04:40 - ============== Evaluate epoch 9 on Test Set ==============
INFO - 04/09/24 17:47:04 - 0:04:41 - Evaluate on Test Set. F1: 64.8580.
INFO - 04/09/24 17:47:04 - 0:04:41 - No better model found (1/8)
INFO - 04/09/24 17:47:04 - 0:04:41 - ============== epoch 10 ==============
INFO - 04/09/24 17:47:05 - 0:04:42 - Finish training epoch 10. loss: 0.0138
INFO - 04/09/24 17:47:05 - 0:04:42 - ============== Evaluate epoch 10 on Train Set ==============
INFO - 04/09/24 17:47:06 - 0:04:43 - Evaluate on Train Set. F1: 99.7230.
INFO - 04/09/24 17:47:06 - 0:04:43 - ============== Evaluate epoch 10 on Dev Set ==============
INFO - 04/09/24 17:47:07 - 0:04:44 - Evaluate on Dev Set. F1: 63.3126.
INFO - 04/09/24 17:47:07 - 0:04:44 - ============== Evaluate epoch 10 on Test Set ==============
INFO - 04/09/24 17:47:09 - 0:04:46 - Evaluate on Test Set. F1: 64.3368.
INFO - 04/09/24 17:47:09 - 0:04:46 - Found better model!!
INFO - 04/09/24 17:47:09 - 0:04:46 - ============== epoch 11 ==============
INFO - 04/09/24 17:47:10 - 0:04:47 - Finish training epoch 11. loss: 0.0109
INFO - 04/09/24 17:47:10 - 0:04:47 - ============== Evaluate epoch 11 on Train Set ==============
INFO - 04/09/24 17:47:10 - 0:04:47 - Evaluate on Train Set. F1: 100.0000.
INFO - 04/09/24 17:47:10 - 0:04:47 - ============== Evaluate epoch 11 on Dev Set ==============
INFO - 04/09/24 17:47:12 - 0:04:49 - Evaluate on Dev Set. F1: 62.9043.
INFO - 04/09/24 17:47:12 - 0:04:49 - ============== Evaluate epoch 11 on Test Set ==============
INFO - 04/09/24 17:47:13 - 0:04:50 - Evaluate on Test Set. F1: 65.8501.
INFO - 04/09/24 17:47:13 - 0:04:50 - No better model found (1/8)
INFO - 04/09/24 17:47:13 - 0:04:50 - ============== epoch 12 ==============
INFO - 04/09/24 17:47:14 - 0:04:51 - Finish training epoch 12. loss: 0.0084
INFO - 04/09/24 17:47:14 - 0:04:51 - ============== Evaluate epoch 12 on Train Set ==============
INFO - 04/09/24 17:47:15 - 0:04:52 - Evaluate on Train Set. F1: 100.0000.
INFO - 04/09/24 17:47:15 - 0:04:52 - ============== Evaluate epoch 12 on Dev Set ==============
INFO - 04/09/24 17:47:16 - 0:04:53 - Evaluate on Dev Set. F1: 62.1913.
INFO - 04/09/24 17:47:16 - 0:04:53 - ============== Evaluate epoch 12 on Test Set ==============
INFO - 04/09/24 17:47:17 - 0:04:54 - Evaluate on Test Set. F1: 65.1709.
INFO - 04/09/24 17:47:17 - 0:04:54 - No better model found (2/8)
INFO - 04/09/24 17:47:17 - 0:04:54 - ============== epoch 13 ==============
INFO - 04/09/24 17:47:18 - 0:04:55 - Finish training epoch 13. loss: 0.0060
INFO - 04/09/24 17:47:18 - 0:04:55 - ============== Evaluate epoch 13 on Train Set ==============
INFO - 04/09/24 17:47:19 - 0:04:56 - Evaluate on Train Set. F1: 100.0000.
INFO - 04/09/24 17:47:19 - 0:04:56 - ============== Evaluate epoch 13 on Dev Set ==============
INFO - 04/09/24 17:47:20 - 0:04:57 - Evaluate on Dev Set. F1: 62.1298.
INFO - 04/09/24 17:47:20 - 0:04:57 - ============== Evaluate epoch 13 on Test Set ==============
INFO - 04/09/24 17:47:22 - 0:04:59 - Evaluate on Test Set. F1: 64.0910.
INFO - 04/09/24 17:47:22 - 0:04:59 - No better model found (3/8)
INFO - 04/09/24 17:47:22 - 0:04:59 - ============== epoch 14 ==============
INFO - 04/09/24 17:47:23 - 0:05:00 - Finish training epoch 14. loss: 0.0053
INFO - 04/09/24 17:47:23 - 0:05:00 - ============== Evaluate epoch 14 on Train Set ==============
INFO - 04/09/24 17:47:23 - 0:05:00 - Evaluate on Train Set. F1: 100.0000.
INFO - 04/09/24 17:47:23 - 0:05:00 - ============== Evaluate epoch 14 on Dev Set ==============
INFO - 04/09/24 17:47:24 - 0:05:01 - Evaluate on Dev Set. F1: 62.9169.
INFO - 04/09/24 17:47:24 - 0:05:01 - ============== Evaluate epoch 14 on Test Set ==============
INFO - 04/09/24 17:47:26 - 0:05:03 - Evaluate on Test Set. F1: 65.4446.
INFO - 04/09/24 17:47:26 - 0:05:03 - No better model found (4/8)
INFO - 04/09/24 17:47:26 - 0:05:03 - ============== epoch 15 ==============
INFO - 04/09/24 17:47:27 - 0:05:04 - Finish training epoch 15. loss: 0.0048
INFO - 04/09/24 17:47:27 - 0:05:04 - ============== Evaluate epoch 15 on Train Set ==============
INFO - 04/09/24 17:47:27 - 0:05:04 - Evaluate on Train Set. F1: 100.0000.
INFO - 04/09/24 17:47:27 - 0:05:04 - ============== Evaluate epoch 15 on Dev Set ==============
INFO - 04/09/24 17:47:29 - 0:05:06 - Evaluate on Dev Set. F1: 63.1532.
INFO - 04/09/24 17:47:29 - 0:05:06 - ============== Evaluate epoch 15 on Test Set ==============
INFO - 04/09/24 17:47:30 - 0:05:07 - Evaluate on Test Set. F1: 65.3061.
INFO - 04/09/24 17:47:30 - 0:05:07 - No better model found (5/8)
INFO - 04/09/24 17:47:30 - 0:05:07 - ============== epoch 16 ==============
INFO - 04/09/24 17:47:31 - 0:05:08 - Finish training epoch 16. loss: 0.0043
INFO - 04/09/24 17:47:31 - 0:05:08 - ============== Evaluate epoch 16 on Train Set ==============
INFO - 04/09/24 17:47:31 - 0:05:08 - Evaluate on Train Set. F1: 100.0000.
INFO - 04/09/24 17:47:31 - 0:05:08 - ============== Evaluate epoch 16 on Dev Set ==============
INFO - 04/09/24 17:47:33 - 0:05:10 - Evaluate on Dev Set. F1: 63.4233.
INFO - 04/09/24 17:47:33 - 0:05:10 - ============== Evaluate epoch 16 on Test Set ==============
INFO - 04/09/24 17:47:34 - 0:05:11 - Evaluate on Test Set. F1: 66.0030.
INFO - 04/09/24 17:47:34 - 0:05:11 - Found better model!!
INFO - 04/09/24 17:47:34 - 0:05:11 - ============== epoch 17 ==============
INFO - 04/09/24 17:47:35 - 0:05:12 - Finish training epoch 17. loss: 0.0039
INFO - 04/09/24 17:47:35 - 0:05:12 - ============== Evaluate epoch 17 on Train Set ==============
INFO - 04/09/24 17:47:36 - 0:05:13 - Evaluate on Train Set. F1: 100.0000.
INFO - 04/09/24 17:47:36 - 0:05:13 - ============== Evaluate epoch 17 on Dev Set ==============
INFO - 04/09/24 17:47:37 - 0:05:14 - Evaluate on Dev Set. F1: 63.4146.
INFO - 04/09/24 17:47:37 - 0:05:14 - ============== Evaluate epoch 17 on Test Set ==============
INFO - 04/09/24 17:47:38 - 0:05:15 - Evaluate on Test Set. F1: 65.8045.
INFO - 04/09/24 17:47:38 - 0:05:15 - No better model found (1/8)
INFO - 04/09/24 17:47:38 - 0:05:15 - ============== epoch 18 ==============
INFO - 04/09/24 17:47:40 - 0:05:17 - Finish training epoch 18. loss: 0.0045
INFO - 04/09/24 17:47:40 - 0:05:17 - ============== Evaluate epoch 18 on Train Set ==============
INFO - 04/09/24 17:47:40 - 0:05:17 - Evaluate on Train Set. F1: 100.0000.
INFO - 04/09/24 17:47:40 - 0:05:17 - ============== Evaluate epoch 18 on Dev Set ==============
INFO - 04/09/24 17:47:41 - 0:05:18 - Evaluate on Dev Set. F1: 63.1089.
INFO - 04/09/24 17:47:41 - 0:05:18 - ============== Evaluate epoch 18 on Test Set ==============
INFO - 04/09/24 17:47:43 - 0:05:20 - Evaluate on Test Set. F1: 65.3830.
INFO - 04/09/24 17:47:43 - 0:05:20 - No better model found (2/8)
INFO - 04/09/24 17:47:43 - 0:05:20 - ============== epoch 19 ==============
INFO - 04/09/24 17:47:44 - 0:05:21 - Finish training epoch 19. loss: 0.0035
INFO - 04/09/24 17:47:44 - 0:05:21 - ============== Evaluate epoch 19 on Train Set ==============
INFO - 04/09/24 17:47:44 - 0:05:21 - Evaluate on Train Set. F1: 100.0000.
INFO - 04/09/24 17:47:44 - 0:05:21 - ============== Evaluate epoch 19 on Dev Set ==============
INFO - 04/09/24 17:47:46 - 0:05:23 - Evaluate on Dev Set. F1: 63.1275.
INFO - 04/09/24 17:47:46 - 0:05:23 - ============== Evaluate epoch 19 on Test Set ==============
INFO - 04/09/24 17:47:47 - 0:05:24 - Evaluate on Test Set. F1: 65.3927.
INFO - 04/09/24 17:47:47 - 0:05:24 - No better model found (3/8)
INFO - 04/09/24 17:47:47 - 0:05:24 - ============== epoch 20 ==============
INFO - 04/09/24 17:47:48 - 0:05:25 - Finish training epoch 20. loss: 0.0033
INFO - 04/09/24 17:47:48 - 0:05:25 - ============== Evaluate epoch 20 on Train Set ==============
INFO - 04/09/24 17:47:48 - 0:05:25 - Evaluate on Train Set. F1: 100.0000.
INFO - 04/09/24 17:47:48 - 0:05:25 - ============== Evaluate epoch 20 on Dev Set ==============
INFO - 04/09/24 17:47:50 - 0:05:27 - Evaluate on Dev Set. F1: 63.2991.
INFO - 04/09/24 17:47:50 - 0:05:27 - ============== Evaluate epoch 20 on Test Set ==============
INFO - 04/09/24 17:47:51 - 0:05:28 - Evaluate on Test Set. F1: 65.6343.
INFO - 04/09/24 17:47:51 - 0:05:28 - No better model found (4/8)
INFO - 04/09/24 17:47:51 - 0:05:28 - ============== epoch 21 ==============
INFO - 04/09/24 17:47:52 - 0:05:29 - Finish training epoch 21. loss: 0.0039
INFO - 04/09/24 17:47:52 - 0:05:29 - ============== Evaluate epoch 21 on Train Set ==============
INFO - 04/09/24 17:47:52 - 0:05:29 - Evaluate on Train Set. F1: 100.0000.
INFO - 04/09/24 17:47:52 - 0:05:29 - ============== Evaluate epoch 21 on Dev Set ==============
INFO - 04/09/24 17:47:54 - 0:05:31 - Evaluate on Dev Set. F1: 63.4701.
INFO - 04/09/24 17:47:54 - 0:05:31 - ============== Evaluate epoch 21 on Test Set ==============
INFO - 04/09/24 17:47:55 - 0:05:32 - Evaluate on Test Set. F1: 65.7366.
INFO - 04/09/24 17:47:55 - 0:05:32 - Found better model!!
INFO - 04/09/24 17:47:55 - 0:05:32 - ============== epoch 22 ==============
INFO - 04/09/24 17:47:56 - 0:05:33 - Finish training epoch 22. loss: 0.0031
INFO - 04/09/24 17:47:56 - 0:05:33 - ============== Evaluate epoch 22 on Train Set ==============
INFO - 04/09/24 17:47:57 - 0:05:34 - Evaluate on Train Set. F1: 100.0000.
INFO - 04/09/24 17:47:57 - 0:05:34 - ============== Evaluate epoch 22 on Dev Set ==============
INFO - 04/09/24 17:47:58 - 0:05:35 - Evaluate on Dev Set. F1: 63.5310.
INFO - 04/09/24 17:47:58 - 0:05:35 - ============== Evaluate epoch 22 on Test Set ==============
INFO - 04/09/24 17:47:59 - 0:05:36 - Evaluate on Test Set. F1: 65.9768.
INFO - 04/09/24 17:47:59 - 0:05:36 - Found better model!!
INFO - 04/09/24 17:47:59 - 0:05:36 - ============== epoch 23 ==============
INFO - 04/09/24 17:48:01 - 0:05:38 - Finish training epoch 23. loss: 0.0027
INFO - 04/09/24 17:48:01 - 0:05:38 - ============== Evaluate epoch 23 on Train Set ==============
INFO - 04/09/24 17:48:01 - 0:05:38 - Evaluate on Train Set. F1: 100.0000.
INFO - 04/09/24 17:48:01 - 0:05:38 - ============== Evaluate epoch 23 on Dev Set ==============
INFO - 04/09/24 17:48:02 - 0:05:39 - Evaluate on Dev Set. F1: 63.1228.
INFO - 04/09/24 17:48:02 - 0:05:39 - ============== Evaluate epoch 23 on Test Set ==============
INFO - 04/09/24 17:48:04 - 0:05:41 - Evaluate on Test Set. F1: 66.1035.
INFO - 04/09/24 17:48:04 - 0:05:41 - No better model found (1/8)
INFO - 04/09/24 17:48:04 - 0:05:41 - ============== epoch 24 ==============
INFO - 04/09/24 17:48:05 - 0:05:42 - Finish training epoch 24. loss: 0.0037
INFO - 04/09/24 17:48:05 - 0:05:42 - ============== Evaluate epoch 24 on Train Set ==============
INFO - 04/09/24 17:48:05 - 0:05:42 - Evaluate on Train Set. F1: 99.9077.
INFO - 04/09/24 17:48:05 - 0:05:42 - ============== Evaluate epoch 24 on Dev Set ==============
INFO - 04/09/24 17:48:07 - 0:05:44 - Evaluate on Dev Set. F1: 63.4135.
INFO - 04/09/24 17:48:07 - 0:05:44 - ============== Evaluate epoch 24 on Test Set ==============
INFO - 04/09/24 17:48:08 - 0:05:45 - Evaluate on Test Set. F1: 65.8506.
INFO - 04/09/24 17:48:08 - 0:05:45 - No better model found (2/8)
INFO - 04/09/24 17:48:08 - 0:05:45 - ============== epoch 25 ==============
INFO - 04/09/24 17:48:09 - 0:05:46 - Finish training epoch 25. loss: 0.0050
INFO - 04/09/24 17:48:09 - 0:05:46 - ============== Evaluate epoch 25 on Train Set ==============
INFO - 04/09/24 17:48:10 - 0:05:47 - Evaluate on Train Set. F1: 99.9077.
INFO - 04/09/24 17:48:10 - 0:05:47 - ============== Evaluate epoch 25 on Dev Set ==============
INFO - 04/09/24 17:48:11 - 0:05:48 - Evaluate on Dev Set. F1: 63.3929.
INFO - 04/09/24 17:48:11 - 0:05:48 - ============== Evaluate epoch 25 on Test Set ==============
INFO - 04/09/24 17:48:12 - 0:05:49 - Evaluate on Test Set. F1: 65.5882.
INFO - 04/09/24 17:48:12 - 0:05:49 - No better model found (3/8)
INFO - 04/09/24 17:48:12 - 0:05:49 - ============== epoch 26 ==============
INFO - 04/09/24 17:48:14 - 0:05:51 - Finish training epoch 26. loss: 0.0047
INFO - 04/09/24 17:48:14 - 0:05:51 - ============== Evaluate epoch 26 on Train Set ==============
INFO - 04/09/24 17:48:14 - 0:05:51 - Evaluate on Train Set. F1: 100.0000.
INFO - 04/09/24 17:48:14 - 0:05:51 - ============== Evaluate epoch 26 on Dev Set ==============
INFO - 04/09/24 17:48:15 - 0:05:52 - Evaluate on Dev Set. F1: 63.4342.
INFO - 04/09/24 17:48:15 - 0:05:52 - ============== Evaluate epoch 26 on Test Set ==============
INFO - 04/09/24 17:48:17 - 0:05:54 - Evaluate on Test Set. F1: 65.2411.
INFO - 04/09/24 17:48:17 - 0:05:54 - No better model found (4/8)
INFO - 04/09/24 17:48:17 - 0:05:54 - ============== epoch 27 ==============
INFO - 04/09/24 17:48:18 - 0:05:55 - Finish training epoch 27. loss: 0.0029
INFO - 04/09/24 17:48:18 - 0:05:55 - ============== Evaluate epoch 27 on Train Set ==============
INFO - 04/09/24 17:48:18 - 0:05:55 - Evaluate on Train Set. F1: 100.0000.
INFO - 04/09/24 17:48:18 - 0:05:55 - ============== Evaluate epoch 27 on Dev Set ==============
INFO - 04/09/24 17:48:19 - 0:05:56 - Evaluate on Dev Set. F1: 63.5836.
INFO - 04/09/24 17:48:19 - 0:05:56 - ============== Evaluate epoch 27 on Test Set ==============
INFO - 04/09/24 17:48:21 - 0:05:58 - Evaluate on Test Set. F1: 65.4024.
INFO - 04/09/24 17:48:21 - 0:05:58 - Found better model!!
INFO - 04/09/24 17:48:21 - 0:05:58 - ============== epoch 28 ==============
INFO - 04/09/24 17:48:22 - 0:05:59 - Finish training epoch 28. loss: 0.0042
INFO - 04/09/24 17:48:22 - 0:05:59 - ============== Evaluate epoch 28 on Train Set ==============
INFO - 04/09/24 17:48:22 - 0:05:59 - Evaluate on Train Set. F1: 100.0000.
INFO - 04/09/24 17:48:22 - 0:05:59 - ============== Evaluate epoch 28 on Dev Set ==============
INFO - 04/09/24 17:48:24 - 0:06:01 - Evaluate on Dev Set. F1: 64.0429.
INFO - 04/09/24 17:48:24 - 0:06:01 - ============== Evaluate epoch 28 on Test Set ==============
INFO - 04/09/24 17:48:25 - 0:06:02 - Evaluate on Test Set. F1: 65.6553.
INFO - 04/09/24 17:48:25 - 0:06:02 - Found better model!!
INFO - 04/09/24 17:48:25 - 0:06:02 - ============== epoch 29 ==============
INFO - 04/09/24 17:48:26 - 0:06:03 - Finish training epoch 29. loss: 0.0025
INFO - 04/09/24 17:48:26 - 0:06:03 - ============== Evaluate epoch 29 on Train Set ==============
INFO - 04/09/24 17:48:26 - 0:06:03 - Evaluate on Train Set. F1: 100.0000.
INFO - 04/09/24 17:48:26 - 0:06:03 - ============== Evaluate epoch 29 on Dev Set ==============
INFO - 04/09/24 17:48:28 - 0:06:05 - Evaluate on Dev Set. F1: 63.6141.
INFO - 04/09/24 17:48:28 - 0:06:05 - ============== Evaluate epoch 29 on Test Set ==============
INFO - 04/09/24 17:48:29 - 0:06:06 - Evaluate on Test Set. F1: 65.4393.
INFO - 04/09/24 17:48:29 - 0:06:06 - No better model found (1/8)
INFO - 04/09/24 17:48:29 - 0:06:06 - ============== epoch 30 ==============
INFO - 04/09/24 17:48:30 - 0:06:07 - Finish training epoch 30. loss: 0.0022
INFO - 04/09/24 17:48:30 - 0:06:07 - ============== Evaluate epoch 30 on Train Set ==============
INFO - 04/09/24 17:48:31 - 0:06:08 - Evaluate on Train Set. F1: 100.0000.
INFO - 04/09/24 17:48:31 - 0:06:08 - ============== Evaluate epoch 30 on Dev Set ==============
INFO - 04/09/24 17:48:32 - 0:06:09 - Evaluate on Dev Set. F1: 62.9293.
INFO - 04/09/24 17:48:32 - 0:06:09 - ============== Evaluate epoch 30 on Test Set ==============
INFO - 04/09/24 17:48:33 - 0:06:10 - Evaluate on Test Set. F1: 65.1812.
INFO - 04/09/24 17:48:33 - 0:06:10 - No better model found (2/8)
INFO - 04/09/24 17:48:33 - 0:06:10 - ============== epoch 31 ==============
INFO - 04/09/24 17:48:34 - 0:06:11 - Finish training epoch 31. loss: 0.0026
INFO - 04/09/24 17:48:34 - 0:06:11 - ============== Evaluate epoch 31 on Train Set ==============
INFO - 04/09/24 17:48:35 - 0:06:12 - Evaluate on Train Set. F1: 100.0000.
INFO - 04/09/24 17:48:35 - 0:06:12 - ============== Evaluate epoch 31 on Dev Set ==============
INFO - 04/09/24 17:48:36 - 0:06:13 - Evaluate on Dev Set. F1: 63.5273.
INFO - 04/09/24 17:48:36 - 0:06:13 - ============== Evaluate epoch 31 on Test Set ==============
INFO - 04/09/24 17:48:38 - 0:06:15 - Evaluate on Test Set. F1: 65.4432.
INFO - 04/09/24 17:48:38 - 0:06:15 - No better model found (3/8)
INFO - 04/09/24 17:48:38 - 0:06:15 - ============== epoch 32 ==============
INFO - 04/09/24 17:48:39 - 0:06:16 - Finish training epoch 32. loss: 0.0018
INFO - 04/09/24 17:48:39 - 0:06:16 - ============== Evaluate epoch 32 on Train Set ==============
INFO - 04/09/24 17:48:39 - 0:06:16 - Evaluate on Train Set. F1: 100.0000.
INFO - 04/09/24 17:48:39 - 0:06:16 - ============== Evaluate epoch 32 on Dev Set ==============
INFO - 04/09/24 17:48:40 - 0:06:17 - Evaluate on Dev Set. F1: 63.3333.
INFO - 04/09/24 17:48:40 - 0:06:17 - ============== Evaluate epoch 32 on Test Set ==============
INFO - 04/09/24 17:48:42 - 0:06:19 - Evaluate on Test Set. F1: 64.7317.
INFO - 04/09/24 17:48:42 - 0:06:19 - No better model found (4/8)
INFO - 04/09/24 17:48:42 - 0:06:19 - ============== epoch 33 ==============
INFO - 04/09/24 17:48:43 - 0:06:20 - Finish training epoch 33. loss: 0.0021
INFO - 04/09/24 17:48:43 - 0:06:20 - ============== Evaluate epoch 33 on Train Set ==============
INFO - 04/09/24 17:48:43 - 0:06:20 - Evaluate on Train Set. F1: 100.0000.
INFO - 04/09/24 17:48:43 - 0:06:20 - ============== Evaluate epoch 33 on Dev Set ==============
INFO - 04/09/24 17:48:45 - 0:06:22 - Evaluate on Dev Set. F1: 63.6829.
INFO - 04/09/24 17:48:45 - 0:06:22 - ============== Evaluate epoch 33 on Test Set ==============
INFO - 04/09/24 17:48:46 - 0:06:23 - Evaluate on Test Set. F1: 64.9801.
INFO - 04/09/24 17:48:46 - 0:06:23 - No better model found (5/8)
INFO - 04/09/24 17:48:46 - 0:06:23 - ============== epoch 34 ==============
INFO - 04/09/24 17:48:47 - 0:06:24 - Finish training epoch 34. loss: 0.0019
INFO - 04/09/24 17:48:47 - 0:06:24 - ============== Evaluate epoch 34 on Train Set ==============
INFO - 04/09/24 17:48:48 - 0:06:25 - Evaluate on Train Set. F1: 100.0000.
INFO - 04/09/24 17:48:48 - 0:06:25 - ============== Evaluate epoch 34 on Dev Set ==============
INFO - 04/09/24 17:48:49 - 0:06:26 - Evaluate on Dev Set. F1: 63.6080.
INFO - 04/09/24 17:48:49 - 0:06:26 - ============== Evaluate epoch 34 on Test Set ==============
INFO - 04/09/24 17:48:50 - 0:06:27 - Evaluate on Test Set. F1: 65.8838.
INFO - 04/09/24 17:48:50 - 0:06:27 - No better model found (6/8)
INFO - 04/09/24 17:48:50 - 0:06:27 - ============== epoch 35 ==============
INFO - 04/09/24 17:48:51 - 0:06:28 - Finish training epoch 35. loss: 0.0017
INFO - 04/09/24 17:48:51 - 0:06:28 - ============== Evaluate epoch 35 on Train Set ==============
INFO - 04/09/24 17:48:52 - 0:06:29 - Evaluate on Train Set. F1: 100.0000.
INFO - 04/09/24 17:48:52 - 0:06:29 - ============== Evaluate epoch 35 on Dev Set ==============
INFO - 04/09/24 17:48:53 - 0:06:30 - Evaluate on Dev Set. F1: 63.7480.
INFO - 04/09/24 17:48:53 - 0:06:30 - ============== Evaluate epoch 35 on Test Set ==============
INFO - 04/09/24 17:48:55 - 0:06:32 - Evaluate on Test Set. F1: 66.6105.
INFO - 04/09/24 17:48:55 - 0:06:32 - No better model found (7/8)
INFO - 04/09/24 17:48:55 - 0:06:32 - ============== epoch 36 ==============
INFO - 04/09/24 17:48:56 - 0:06:33 - Finish training epoch 36. loss: 0.0036
INFO - 04/09/24 17:48:56 - 0:06:33 - ============== Evaluate epoch 36 on Train Set ==============
INFO - 04/09/24 17:48:56 - 0:06:33 - Evaluate on Train Set. F1: 100.0000.
INFO - 04/09/24 17:48:56 - 0:06:33 - ============== Evaluate epoch 36 on Dev Set ==============
INFO - 04/09/24 17:48:57 - 0:06:34 - Evaluate on Dev Set. F1: 63.8374.
INFO - 04/09/24 17:48:57 - 0:06:34 - ============== Evaluate epoch 36 on Test Set ==============
INFO - 04/09/24 17:48:59 - 0:06:36 - Evaluate on Test Set. F1: 66.1077.
INFO - 04/09/24 17:48:59 - 0:06:36 - No better model found (8/8)
